<?xml version="1.0" encoding="UTF-8"?>
<!-- Generated by org.testng.reporters.JUnitXMLReporter -->
<testsuite ignored="2" hostname="DESKTOP-MGQ1S8O" failures="1" tests="2" name="Test" time="36.82" errors="0" timestamp="2023-06-07T17:33:42 IST">
  <testcase classname="vtiger.OrganizationsTests.CreateOrgWithIndustryTest" name="createOrgWithIndTest" time="4.824">
    <failure type="java.lang.AssertionError" message="null">
      <![CDATA[java.lang.AssertionError: null
at vtiger.OrganizationsTests.CreateOrgWithIndustryTest.createOrgWithIndTest(CreateOrgWithIndustryTest.java:37)
at java.base/java.util.ArrayList.forEach(ArrayList.java:1511)
... Removed 29 stack frames]]>
    </failure>
  </testcase> <!-- createOrgWithIndTest -->
  <testcase classname="vtiger.ContactsTests.CreateContactWithOrganizationTest01" name="createContactWithOrgTest" time="14.648"/>
  <testcase classname="genericUtilities.BaseClass" name="@BeforeSuite bsConfig" time="0.0">
    <ignored/>
  </testcase> <!-- @BeforeSuite bsConfig -->
  <testcase classname="genericUtilities.BaseClass" name="@AfterSuite asConfig" time="0.0">
    <ignored/>
  </testcase> <!-- @AfterSuite asConfig -->
</testsuite> <!-- Test -->
