<?xml version="1.0" encoding="UTF-8"?>
<testng-results ignored="0" total="1" passed="0" failed="1" skipped="0">
  <reporter-output>
    <line>
      <![CDATA[Clicked on Organizations Link]]>
    </line>
    <line>
      <![CDATA[Clicked on Create Org Look Up Image]]>
    </line>
  </reporter-output>
  <suite started-at="2023-06-12T09:46:13 IST" name="Default suite" finished-at="2023-06-12T09:46:25 IST" duration-ms="11736">
    <groups>
      <group name="SmokeSuite">
        <method signature="CreateOrgWithIndustryTest.createOrgWithIndTest()[pri:0, instance:vtiger.OrganizationsTests.CreateOrgWithIndustryTest@49139829]" name="createOrgWithIndTest" class="vtiger.OrganizationsTests.CreateOrgWithIndustryTest"/>
      </group> <!-- SmokeSuite -->
    </groups>
    <test started-at="2023-06-12T09:46:13 IST" name="Default test" finished-at="2023-06-12T09:46:25 IST" duration-ms="11736">
      <class name="vtiger.OrganizationsTests.CreateOrgWithIndustryTest">
        <test-method is-config="true" signature="bsConfig()[pri:0, instance:vtiger.OrganizationsTests.CreateOrgWithIndustryTest@49139829]" started-at="2023-06-12T09:46:13 IST" name="bsConfig" finished-at="2023-06-12T09:46:13 IST" duration-ms="6" status="PASS">
          <reporter-output>
          </reporter-output>
        </test-method> <!-- bsConfig -->
        <test-method is-config="true" signature="bcConfig()[pri:0, instance:vtiger.OrganizationsTests.CreateOrgWithIndustryTest@49139829]" started-at="2023-06-12T09:46:14 IST" name="bcConfig" finished-at="2023-06-12T09:46:17 IST" duration-ms="3316" status="PASS">
          <reporter-output>
          </reporter-output>
        </test-method> <!-- bcConfig -->
        <test-method is-config="true" signature="bmConfig()[pri:0, instance:vtiger.OrganizationsTests.CreateOrgWithIndustryTest@49139829]" started-at="2023-06-12T09:46:17 IST" name="bmConfig" finished-at="2023-06-12T09:46:19 IST" duration-ms="1881" status="PASS">
          <reporter-output>
          </reporter-output>
        </test-method> <!-- bmConfig -->
        <test-method signature="createOrgWithIndTest()[pri:0, instance:vtiger.OrganizationsTests.CreateOrgWithIndustryTest@49139829]" started-at="2023-06-12T09:46:19 IST" name="createOrgWithIndTest" finished-at="2023-06-12T09:46:23 IST" duration-ms="4456" status="FAIL">
          <exception class="java.lang.AssertionError">
            <message>
              <![CDATA[null]]>
            </message>
            <full-stacktrace>
              <![CDATA[java.lang.AssertionError: null
at org.testng.Assert.fail(Assert.java:99)
at org.testng.Assert.fail(Assert.java:106)
at vtiger.OrganizationsTests.CreateOrgWithIndustryTest.createOrgWithIndTest(CreateOrgWithIndustryTest.java:37)
at java.base/jdk.internal.reflect.NativeMethodAccessorImpl.invoke0(Native Method)
at java.base/jdk.internal.reflect.NativeMethodAccessorImpl.invoke(NativeMethodAccessorImpl.java:77)
at java.base/jdk.internal.reflect.DelegatingMethodAccessorImpl.invoke(DelegatingMethodAccessorImpl.java:43)
at java.base/java.lang.reflect.Method.invoke(Method.java:568)
at org.testng.internal.MethodInvocationHelper.invokeMethod(MethodInvocationHelper.java:133)
at org.testng.internal.TestInvoker.invokeMethod(TestInvoker.java:598)
at org.testng.internal.TestInvoker.invokeTestMethod(TestInvoker.java:173)
at org.testng.internal.MethodRunner.runInSequence(MethodRunner.java:46)
at org.testng.internal.TestInvoker$MethodInvocationAgent.invoke(TestInvoker.java:824)
at org.testng.internal.TestInvoker.invokeTestMethods(TestInvoker.java:146)
at org.testng.internal.TestMethodWorker.invokeTestMethods(TestMethodWorker.java:146)
at org.testng.internal.TestMethodWorker.run(TestMethodWorker.java:128)
at java.base/java.util.ArrayList.forEach(ArrayList.java:1511)
at org.testng.TestRunner.privateRun(TestRunner.java:794)
at org.testng.TestRunner.run(TestRunner.java:596)
at org.testng.SuiteRunner.runTest(SuiteRunner.java:377)
at org.testng.SuiteRunner.runSequentially(SuiteRunner.java:371)
at org.testng.SuiteRunner.privateRun(SuiteRunner.java:332)
at org.testng.SuiteRunner.run(SuiteRunner.java:276)
at org.testng.SuiteRunnerWorker.runSuite(SuiteRunnerWorker.java:53)
at org.testng.SuiteRunnerWorker.run(SuiteRunnerWorker.java:96)
at org.testng.TestNG.runSuitesSequentially(TestNG.java:1212)
at org.testng.TestNG.runSuitesLocally(TestNG.java:1134)
at org.testng.TestNG.runSuites(TestNG.java:1063)
at org.testng.TestNG.run(TestNG.java:1031)
at org.testng.remote.AbstractRemoteTestNG.run(AbstractRemoteTestNG.java:115)
at org.testng.remote.RemoteTestNG.initAndRun(RemoteTestNG.java:251)
at org.testng.remote.RemoteTestNG.main(RemoteTestNG.java:77)
]]>
            </full-stacktrace>
          </exception> <!-- java.lang.AssertionError -->
          <reporter-output>
            <line>
              <![CDATA[Clicked on Organizations Link]]>
            </line>
            <line>
              <![CDATA[Clicked on Create Org Look Up Image]]>
            </line>
          </reporter-output>
        </test-method> <!-- createOrgWithIndTest -->
        <test-method is-config="true" signature="amConfig()[pri:0, instance:vtiger.OrganizationsTests.CreateOrgWithIndustryTest@49139829]" started-at="2023-06-12T09:46:24 IST" name="amConfig" finished-at="2023-06-12T09:46:25 IST" duration-ms="959" status="PASS">
          <reporter-output>
          </reporter-output>
        </test-method> <!-- amConfig -->
        <test-method is-config="true" signature="acConfig()[pri:0, instance:vtiger.OrganizationsTests.CreateOrgWithIndustryTest@49139829]" started-at="2023-06-12T09:46:25 IST" name="acConfig" finished-at="2023-06-12T09:46:25 IST" duration-ms="320" status="PASS">
          <reporter-output>
          </reporter-output>
        </test-method> <!-- acConfig -->
        <test-method is-config="true" signature="asConfig()[pri:0, instance:vtiger.OrganizationsTests.CreateOrgWithIndustryTest@49139829]" started-at="2023-06-12T09:46:26 IST" name="asConfig" finished-at="2023-06-12T09:46:26 IST" duration-ms="1" status="PASS">
          <reporter-output>
          </reporter-output>
        </test-method> <!-- asConfig -->
      </class> <!-- vtiger.OrganizationsTests.CreateOrgWithIndustryTest -->
    </test> <!-- Default test -->
  </suite> <!-- Default suite -->
</testng-results>
